app/app/build/intermediates/manifest_merge_blame_file/debug/manifest-merger-blame-debug-report.txt
1<?xml version="1.0" encoding="utf-8"?>
2<manifest xmlns:android="http://schemas.android.com/apk/res/android"
3    package="com.example.wardrobe_wizard"
4    android:versionCode="1"
5    android:versionName="1.0" >
6
7    <uses-sdk
7-->src\main\AndroidManifest.xml:8:5-10:41
8        android:minSdkVersion="24"
8-->src\main\AndroidManifest.xml:9:9-35
9        android:targetSdkVersion="33" />
9-->src\main\AndroidManifest.xml:10:9-38
10
11    <permission
11-->src\main\AndroidManifest.xml:12:5-14:47
12        android:name="com.example.wardrobe_wizard.DYNAMIC_RECEIVER_NOT_EXPORTED_PERMISSION"
12-->src\main\AndroidManifest.xml:13:9-92
13        android:protectionLevel="signature" />
13-->src\main\AndroidManifest.xml:14:9-44
14
15    <uses-permission android:name="com.example.wardrobe_wizard.DYNAMIC_RECEIVER_NOT_EXPORTED_PERMISSION" />
15-->src\main\AndroidManifest.xml:16:5-108
15-->src\main\AndroidManifest.xml:16:22-105
16
17    <application
17-->src\main\AndroidManifest.xml:18:5-59:19
18        android:allowBackup="true"
18-->src\main\AndroidManifest.xml:19:9-35
19        android:appComponentFactory="androidx.core.app.CoreComponentFactory"
19-->src\main\AndroidManifest.xml:20:9-77
20        android:dataExtractionRules="@xml/data_extraction_rules"
20-->src\main\AndroidManifest.xml:21:9-65
21        android:debuggable="true"
21-->src\main\AndroidManifest.xml:22:9-34
22        android:extractNativeLibs="false"
23        android:fullBackupContent="@xml/backup_rules"
23-->src\main\AndroidManifest.xml:23:9-54
24        android:icon="@mipmap/ic_launcher"
24-->src\main\AndroidManifest.xml:24:9-43
25        android:label="@string/app_name"
25-->src\main\AndroidManifest.xml:25:9-41
26        android:roundIcon="@mipmap/ic_launcher_round"
26-->src\main\AndroidManifest.xml:26:9-54
27        android:supportsRtl="true"
27-->src\main\AndroidManifest.xml:27:9-35
28        android:testOnly="true"
28-->src\main\AndroidManifest.xml:28:9-32
29        android:theme="@style/Theme.WardrobeWizard" >
29-->src\main\AndroidManifest.xml:29:9-52
30        <activity
30-->src\main\AndroidManifest.xml:31:9-35:20
31            android:name="com.example.wardrobe_wizard.HomePage"
31-->src\main\AndroidManifest.xml:32:13-37
32            android:exported="false" >
32-->src\main\AndroidManifest.xml:33:13-37
33        </activity>
34        <activity
34-->src\main\AndroidManifest.xml:37:9-41:20
35            android:name="com.example.wardrobe_wizard.EntryPage"
35-->src\main\AndroidManifest.xml:38:13-38
36            android:exported="true" >
36-->src\main\AndroidManifest.xml:39:13-36
37        </activity>
38        <activity
38-->src\main\AndroidManifest.xml:43:9-51:20
39            android:name="com.example.wardrobe_wizard.SplashPage"
39-->src\main\AndroidManifest.xml:44:13-39
40            android:exported="true" >
40-->src\main\AndroidManifest.xml:45:13-36
41            <intent-filter>
41-->src\main\AndroidManifest.xml:46:13-50:29
42                <action android:name="android.intent.action.MAIN" />
42-->src\main\AndroidManifest.xml:47:17-69
42-->src\main\AndroidManifest.xml:47:25-66
43
44                <category android:name="android.intent.category.LAUNCHER" />
44-->src\main\AndroidManifest.xml:49:17-77
44-->src\main\AndroidManifest.xml:49:27-74
45            </intent-filter>
46        </activity>
47
48        <meta-data
48-->src\main\AndroidManifest.xml:53:9-55:57
49            android:name="preloaded_fonts"
49-->src\main\AndroidManifest.xml:54:13-43
50            android:resource="@array/preloaded_fonts" />
50-->src\main\AndroidManifest.xml:55:13-54
51        <meta-data
51-->src\main\AndroidManifest.xml:53:9-55:57
52            android:name="preloaded_fonts"
52-->src\main\AndroidManifest.xml:54:13-43
53            android:resource="@array/preloaded_fonts" />
53-->src\main\AndroidManifest.xml:55:13-54
54
55        <provider
55-->[androidx.emoji2:emoji2:1.2.0] AndroidManifest.xml:24:9-32:20
56            android:name="androidx.startup.InitializationProvider"
56-->[androidx.emoji2:emoji2:1.2.0] AndroidManifest.xml:25:13-67
57            android:authorities="com.example.wardrobe_wizard.androidx-startup"
57-->[androidx.emoji2:emoji2:1.2.0] AndroidManifest.xml:26:13-68
58            android:exported="false" >
58-->[androidx.emoji2:emoji2:1.2.0] AndroidManifest.xml:27:13-37
59            <meta-data
59-->[androidx.emoji2:emoji2:1.2.0] AndroidManifest.xml:29:13-31:52
60                android:name="androidx.emoji2.text.EmojiCompatInitializer"
60-->[androidx.emoji2:emoji2:1.2.0] AndroidManifest.xml:30:17-75
61                android:value="androidx.startup" />
61-->[androidx.emoji2:emoji2:1.2.0] AndroidManifest.xml:31:17-49
62            <meta-data
62-->[androidx.lifecycle:lifecycle-process:2.4.1] AndroidManifest.xml:31:13-33:52
63                android:name="androidx.lifecycle.ProcessLifecycleInitializer"
63-->[androidx.lifecycle:lifecycle-process:2.4.1] AndroidManifest.xml:32:17-78
64                android:value="androidx.startup" />
64-->[androidx.lifecycle:lifecycle-process:2.4.1] AndroidManifest.xml:33:17-49
65        </provider>
66    </application>
67
68</manifest>